#
# There is insufficient memory for the Java Runtime Environment to continue.
# Native memory allocation (malloc) failed to allocate 645936 bytes for Chunk::new
# Possible reasons:
#   The system is out of physical RAM or swap space
#   In 32 bit mode, the process size limit was hit
# Possible solutions:
#   Reduce memory load on the system
#   Increase physical memory or swap space
#   Check if swap backing store is full
#   Use 64 bit Java on a 64 bit OS
#   Decrease Java heap size (-Xmx/-Xms)
#   Decrease number of Java threads
#   Decrease Java thread stack sizes (-Xss)
#   Set larger code cache with -XX:ReservedCodeCacheSize=
# This output file may be truncated or incomplete.
#
#  Out of Memory Error (allocation.cpp:390), pid=19664, tid=13980
#
# JRE version: Java(TM) SE Runtime Environment (8.0_91-b15) (build 1.8.0_91-b15)
# Java VM: Java HotSpot(TM) 64-Bit Server VM (25.91-b15 mixed mode windows-amd64 compressed oops)
# Failed to write core dump. Minidumps are not enabled by default on client versions of Windows
#

---------------  T H R E A D  ---------------

Current thread (0x0000000014f21800):  JavaThread "C2 CompilerThread0" daemon [_thread_in_native, id=13980, stack(0x0000000016560000,0x0000000016660000)]

Stack: [0x0000000016560000,0x0000000016660000]
[error occurred during error reporting (printing stack bounds), id 0xc0000005]

Native frames: (J=compiled Java code, j=interpreted, Vv=VM code, C=native code)


Current CompileTask:
C2:  55861 10972       4       java.net.URLClassLoader$1::run (5 bytes)


---------------  P R O C E S S  ---------------

Java Threads: ( => current thread )
  0x000000001b558000 JavaThread "Forward streams with process: command 'C:\Program Files\Java\jdk1.8.0_91\bin\java.exe' Thread 3" [_thread_in_vm, id=10312, stack(0x0000000023540000,0x0000000023640000)]
  0x000000001b557000 JavaThread "Forward streams with process: command 'C:\Program Files\Java\jdk1.8.0_91\bin\java.exe' Thread 2" [_thread_blocked, id=11100, stack(0x0000000023440000,0x0000000023540000)]
  0x000000001b553800 JavaThread "Forward streams with process: command 'C:\Program Files\Java\jdk1.8.0_91\bin\java.exe'" [_thread_blocked, id=15940, stack(0x0000000023340000,0x0000000023440000)]
  0x000000001b555800 JavaThread "Forward streams with process: command 'C:\Program Files\Java\jdk1.8.0_91\bin\java.exe' Thread 3" [_thread_in_native, id=3504, stack(0x0000000023140000,0x0000000023240000)]
  0x000000001b555000 JavaThread "Forward streams with process: command 'C:\Program Files\Java\jdk1.8.0_91\bin\java.exe' Thread 2" [_thread_in_native, id=14364, stack(0x0000000023040000,0x0000000023140000)]
  0x000000001b55a000 JavaThread "Forward streams with process: command 'C:\Program Files\Java\jdk1.8.0_91\bin\java.exe'" [_thread_blocked, id=15172, stack(0x0000000022f40000,0x0000000023040000)]
  0x000000001b554000 JavaThread "Forward streams with process: command 'C:\Program Files\Java\jdk1.8.0_91\bin\java.exe' Thread 3" [_thread_in_native, id=9728, stack(0x0000000022d40000,0x0000000022e40000)]
  0x000000001b559800 JavaThread "Forward streams with process: command 'C:\Program Files\Java\jdk1.8.0_91\bin\java.exe' Thread 2" [_thread_in_native, id=10300, stack(0x0000000022c40000,0x0000000022d40000)]
  0x000000001b54c800 JavaThread "Forward streams with process: command 'C:\Program Files\Java\jdk1.8.0_91\bin\java.exe'" [_thread_blocked, id=16040, stack(0x0000000022b40000,0x0000000022c40000)]
  0x000000001b552800 JavaThread "Run command 'C:\Program Files\Java\jdk1.8.0_91\bin\java.exe'" [_thread_in_native, id=3392, stack(0x0000000022750000,0x0000000022850000)]
  0x000000001b54b000 JavaThread "Run command 'C:\Program Files\Java\jdk1.8.0_91\bin\java.exe'" [_thread_blocked, id=8336, stack(0x0000000022650000,0x0000000022750000)]
  0x000000001b550800 JavaThread "Run command 'C:\Program Files\Java\jdk1.8.0_91\bin\java.exe'" [_thread_in_native, id=6388, stack(0x0000000022550000,0x0000000022650000)]
  0x000000001b551000 JavaThread "pool-7-thread-3" [_thread_blocked, id=7500, stack(0x0000000022450000,0x0000000022550000)]
  0x000000001b54f800 JavaThread "pool-7-thread-1" [_thread_blocked, id=19744, stack(0x0000000022350000,0x0000000022450000)]
  0x000000001b54e000 JavaThread "pool-7-thread-2" [_thread_blocked, id=20272, stack(0x0000000022250000,0x0000000022350000)]
  0x000000001b54c000 JavaThread "pool-4-thread-4" [_thread_blocked, id=9256, stack(0x0000000021f70000,0x0000000022070000)]
  0x000000001b552000 JavaThread "pool-4-thread-3" [_thread_blocked, id=17244, stack(0x0000000021e70000,0x0000000021f70000)]
  0x0000000017da6800 JavaThread "pool-4-thread-2" [_thread_blocked, id=19636, stack(0x0000000021370000,0x0000000021470000)]
  0x0000000017da2000 JavaThread "pool-4-thread-1" [_thread_blocked, id=16208, stack(0x000000001fc40000,0x000000001fd40000)]
  0x0000000017da4000 JavaThread "pool-2-thread-1" [_thread_blocked, id=18508, stack(0x000000001d1f0000,0x000000001d2f0000)]
  0x0000000017da1000 JavaThread "File lock request listener" [_thread_in_native, id=10588, stack(0x000000001ced0000,0x000000001cfd0000)]
  0x0000000017545000 JavaThread "Stdin handler" [_thread_blocked, id=19992, stack(0x0000000019400000,0x0000000019500000)]
  0x0000000017544800 JavaThread "Asynchronous log dispatcher for org.gradle.launcher.daemon.server.DefaultDaemonConnection@18127ee8" [_thread_blocked, id=17556, stack(0x0000000019300000,0x0000000019400000)]
  0x000000001707e800 JavaThread "Daemon worker" [_thread_blocked, id=17120, stack(0x0000000019200000,0x0000000019300000)]
  0x000000001707d800 JavaThread "Cancel handler" [_thread_blocked, id=20936, stack(0x0000000019100000,0x0000000019200000)]
  0x00000000172bc000 JavaThread "Handler for socket connection from /127.0.0.1:61414 to /127.0.0.1:61415" [_thread_in_native, id=15576, stack(0x0000000019000000,0x0000000019100000)]
  0x00000000172b8800 JavaThread "Daemon" [_thread_blocked, id=4596, stack(0x0000000018f00000,0x0000000019000000)]
  0x00000000170fd000 JavaThread "Incoming local TCP Connector on port 61414" [_thread_in_native, id=5104, stack(0x0000000018ad0000,0x0000000018bd0000)]
  0x0000000017988000 JavaThread "pool-1-thread-1" [_thread_blocked, id=10028, stack(0x00000000189d0000,0x0000000018ad0000)]
  0x0000000014f7d800 JavaThread "Service Thread" daemon [_thread_blocked, id=19952, stack(0x0000000016c60000,0x0000000016d60000)]
  0x0000000014f2a800 JavaThread "C1 CompilerThread2" daemon [_thread_blocked, id=1016, stack(0x0000000016760000,0x0000000016860000)]
  0x0000000014f23800 JavaThread "C2 CompilerThread1" daemon [_thread_blocked, id=18428, stack(0x0000000016660000,0x0000000016760000)]
=>0x0000000014f21800 JavaThread "C2 CompilerThread0" daemon [_thread_in_native, id=13980, stack(0x0000000016560000,0x0000000016660000)]
  0x0000000014f20000 JavaThread "Attach Listener" daemon [_thread_blocked, id=388, stack(0x0000000016460000,0x0000000016560000)]
  0x0000000014f1f000 JavaThread "Signal Dispatcher" daemon [_thread_blocked, id=11812, stack(0x0000000016360000,0x0000000016460000)]
  0x0000000014f08800 JavaThread "Finalizer" daemon [_thread_blocked, id=12792, stack(0x0000000016170000,0x0000000016270000)]
  0x0000000002844800 JavaThread "Reference Handler" daemon [_thread_blocked, id=15604, stack(0x0000000016070000,0x0000000016170000)]
  0x0000000002752800 JavaThread "main" [_thread_blocked, id=19688, stack(0x00000000025e0000,0x00000000026e0000)]

Other Threads:
  0x0000000014ee7800 VMThread [stack: 0x0000000015f70000,0x0000000016070000] [id=17604]
  0x00000000168b5800 WatcherThread [stack: 0x0000000016d60000,0x0000000016e60000] [id=16520]

VM state:not at safepoint (normal execution)

VM Mutex/Monitor currently owned by a thread: None

Heap:
 PSYoungGen      total 225280K, used 61102K [0x00000000eab00000, 0x00000000fbd80000, 0x0000000100000000)
  eden space 189440K, 13% used [0x00000000eab00000,0x00000000ec3b62d0,0x00000000f6400000)
  from space 35840K, 99% used [0x00000000f8c80000,0x00000000faf75700,0x00000000faf80000)
  to   space 41472K, 0% used [0x00000000f6400000,0x00000000f6400000,0x00000000f8c80000)
 ParOldGen       total 152064K, used 84642K [0x00000000c0000000, 0x00000000c9480000, 0x00000000eab00000)
  object space 152064K, 55% used [0x00000000c0000000,0x00000000c52a88c0,0x00000000c9480000)
 Metaspace       used 65519K, capacity 67340K, committed 67544K, reserved 1107968K
  class space    used 8738K, capacity 9124K, committed 9216K, reserved 1048576K

Card table byte_map: [0x0000000011c10000,0x0000000011e20000] byte_map_base: 0x0000000011610000

Marking Bits: (ParMarkBitMap*) 0x000000006d8e2f70
 Begin Bits: [0x0000000012380000, 0x0000000013380000)
 End Bits:   [0x0000000013380000, 0x0000000014380000)

Polling page: 0x0000000001020000

CodeCache: size=245760Kb used=34146Kb max_used=34648Kb free=211613Kb
 bounds [0x0000000002850000, 0x0000000004a50000, 0x0000000011850000]
 total_blobs=10334 nmethods=9549 adapters=696
 compilation: enabled

Compilation events (10 events):
Event: 55.588 Thread 0x0000000014f2a800 10981       3       java.lang.ProcessEnvironment$EntryComparator::compare (13 bytes)
Event: 55.589 Thread 0x0000000014f2a800 nmethod 10981 0x00000000030c27d0 code [0x00000000030c29a0, 0x00000000030c3248]
Event: 55.590 Thread 0x0000000014f2a800 10982       3       java.lang.ProcessEnvironment$EntryComparator::compare (25 bytes)
Event: 55.590 Thread 0x0000000014f2a800 nmethod 10982 0x0000000002cd1c50 code [0x0000000002cd1e00, 0x0000000002cd23c8]
Event: 55.591 Thread 0x0000000014f2a800 10983       3       java.lang.ProcessEnvironment::access$300 (4 bytes)
Event: 55.591 Thread 0x0000000014f2a800 nmethod 10983 0x0000000003ff1d90 code [0x0000000003ff1ee0, 0x0000000003ff2010]
Event: 55.596 Thread 0x0000000014f2a800 10984       3       java.lang.ThreadLocal$ThreadLocalMap$Entry::<init> (11 bytes)
Event: 55.597 Thread 0x0000000014f2a800 nmethod 10984 0x00000000031e2e90 code [0x00000000031e3000, 0x00000000031e3350]
Event: 55.600 Thread 0x0000000014f2a800 10985       3       java.util.concurrent.locks.AbstractQueuedSynchronizer::transferForSignal (45 bytes)
Event: 55.600 Thread 0x0000000014f2a800 nmethod 10985 0x0000000003f18650 code [0x0000000003f187e0, 0x0000000003f18cb8]

GC Heap History (10 events):
Event: 41.770 GC heap before
{Heap before GC invocations=15 (full 2):
 PSYoungGen      total 137216K, used 137196K [0x00000000eab00000, 0x00000000f5280000, 0x0000000100000000)
  eden space 124928K, 100% used [0x00000000eab00000,0x00000000f2500000,0x00000000f2500000)
  from space 12288K, 99% used [0x00000000f3600000,0x00000000f41fb068,0x00000000f4200000)
  to   space 17408K, 0% used [0x00000000f2500000,0x00000000f2500000,0x00000000f3600000)
 ParOldGen       total 96256K, used 29914K [0x00000000c0000000, 0x00000000c5e00000, 0x00000000eab00000)
  object space 96256K, 31% used [0x00000000c0000000,0x00000000c1d36a90,0x00000000c5e00000)
 Metaspace       used 56048K, capacity 57568K, committed 57728K, reserved 1099776K
  class space    used 7598K, capacity 7941K, committed 8064K, reserved 1048576K
Event: 41.793 GC heap after
Heap after GC invocations=15 (full 2):
 PSYoungGen      total 142336K, used 8557K [0x00000000eab00000, 0x00000000f6000000, 0x0000000100000000)
  eden space 124928K, 0% used [0x00000000eab00000,0x00000000eab00000,0x00000000f2500000)
  from space 17408K, 49% used [0x00000000f2500000,0x00000000f2d5b760,0x00000000f3600000)
  to   space 16384K, 0% used [0x00000000f5000000,0x00000000f5000000,0x00000000f6000000)
 ParOldGen       total 96256K, used 41685K [0x00000000c0000000, 0x00000000c5e00000, 0x00000000eab00000)
  object space 96256K, 43% used [0x00000000c0000000,0x00000000c28b5798,0x00000000c5e00000)
 Metaspace       used 56048K, capacity 57568K, committed 57728K, reserved 1099776K
  class space    used 7598K, capacity 7941K, committed 8064K, reserved 1048576K
}
Event: 45.752 GC heap before
{Heap before GC invocations=16 (full 2):
 PSYoungGen      total 142336K, used 34375K [0x00000000eab00000, 0x00000000f6000000, 0x0000000100000000)
  eden space 124928K, 20% used [0x00000000eab00000,0x00000000ec4364b0,0x00000000f2500000)
  from space 17408K, 49% used [0x00000000f2500000,0x00000000f2d5b760,0x00000000f3600000)
  to   space 16384K, 0% used [0x00000000f5000000,0x00000000f5000000,0x00000000f6000000)
 ParOldGen       total 96256K, used 41685K [0x00000000c0000000, 0x00000000c5e00000, 0x00000000eab00000)
  object space 96256K, 43% used [0x00000000c0000000,0x00000000c28b5798,0x00000000c5e00000)
 Metaspace       used 57519K, capacity 59040K, committed 59096K, reserved 1099776K
  class space    used 7824K, capacity 8173K, committed 8192K, reserved 1048576K
Event: 45.763 GC heap after
Heap after GC invocations=16 (full 2):
 PSYoungGen      total 162816K, used 6615K [0x00000000eab00000, 0x00000000f5c80000, 0x0000000100000000)
  eden space 150016K, 0% used [0x00000000eab00000,0x00000000eab00000,0x00000000f3d80000)
  from space 12800K, 51% used [0x00000000f5000000,0x00000000f5675f88,0x00000000f5c80000)
  to   space 15872K, 0% used [0x00000000f3d80000,0x00000000f3d80000,0x00000000f4d00000)
 ParOldGen       total 96256K, used 41693K [0x00000000c0000000, 0x00000000c5e00000, 0x00000000eab00000)
  object space 96256K, 43% used [0x00000000c0000000,0x00000000c28b7798,0x00000000c5e00000)
 Metaspace       used 57519K, capacity 59040K, committed 59096K, reserved 1099776K
  class space    used 7824K, capacity 8173K, committed 8192K, reserved 1048576K
}
Event: 45.763 GC heap before
{Heap before GC invocations=17 (full 3):
 PSYoungGen      total 162816K, used 6615K [0x00000000eab00000, 0x00000000f5c80000, 0x0000000100000000)
  eden space 150016K, 0% used [0x00000000eab00000,0x00000000eab00000,0x00000000f3d80000)
  from space 12800K, 51% used [0x00000000f5000000,0x00000000f5675f88,0x00000000f5c80000)
  to   space 15872K, 0% used [0x00000000f3d80000,0x00000000f3d80000,0x00000000f4d00000)
 ParOldGen       total 96256K, used 41693K [0x00000000c0000000, 0x00000000c5e00000, 0x00000000eab00000)
  object space 96256K, 43% used [0x00000000c0000000,0x00000000c28b7798,0x00000000c5e00000)
 Metaspace       used 57519K, capacity 59040K, committed 59096K, reserved 1099776K
  class space    used 7824K, capacity 8173K, committed 8192K, reserved 1048576K
Event: 46.103 GC heap after
Heap after GC invocations=17 (full 3):
 PSYoungGen      total 162816K, used 0K [0x00000000eab00000, 0x00000000f5c80000, 0x0000000100000000)
  eden space 150016K, 0% used [0x00000000eab00000,0x00000000eab00000,0x00000000f3d80000)
  from space 12800K, 0% used [0x00000000f5000000,0x00000000f5000000,0x00000000f5c80000)
  to   space 15872K, 0% used [0x00000000f3d80000,0x00000000f3d80000,0x00000000f4d00000)
 ParOldGen       total 152064K, used 36793K [0x00000000c0000000, 0x00000000c9480000, 0x00000000eab00000)
  object space 152064K, 24% used [0x00000000c0000000,0x00000000c23ee448,0x00000000c9480000)
 Metaspace       used 57517K, capacity 59034K, committed 59096K, reserved 1099776K
  class space    used 7823K, capacity 8172K, committed 8192K, reserved 1048576K
}
Event: 49.838 GC heap before
{Heap before GC invocations=18 (full 3):
 PSYoungGen      total 162816K, used 150016K [0x00000000eab00000, 0x00000000f5c80000, 0x0000000100000000)
  eden space 150016K, 100% used [0x00000000eab00000,0x00000000f3d80000,0x00000000f3d80000)
  from space 12800K, 0% used [0x00000000f5000000,0x00000000f5000000,0x00000000f5c80000)
  to   space 15872K, 0% used [0x00000000f3d80000,0x00000000f3d80000,0x00000000f4d00000)
 ParOldGen       total 152064K, used 36793K [0x00000000c0000000, 0x00000000c9480000, 0x00000000eab00000)
  object space 152064K, 24% used [0x00000000c0000000,0x00000000c23ee448,0x00000000c9480000)
 Metaspace       used 62530K, capacity 64102K, committed 64344K, reserved 1105920K
  class space    used 8419K, capacity 8802K, committed 8832K, reserved 1048576K
Event: 49.959 GC heap after
Heap after GC invocations=18 (full 3):
 PSYoungGen      total 165888K, used 15869K [0x00000000eab00000, 0x00000000faf80000, 0x0000000100000000)
  eden space 150016K, 0% used [0x00000000eab00000,0x00000000eab00000,0x00000000f3d80000)
  from space 15872K, 99% used [0x00000000f3d80000,0x00000000f4cff708,0x00000000f4d00000)
  to   space 35840K, 0% used [0x00000000f8c80000,0x00000000f8c80000,0x00000000faf80000)
 ParOldGen       total 152064K, used 84634K [0x00000000c0000000, 0x00000000c9480000, 0x00000000eab00000)
  object space 152064K, 55% used [0x00000000c0000000,0x00000000c52a68c0,0x00000000c9480000)
 Metaspace       used 62530K, capacity 64102K, committed 64344K, reserved 1105920K
  class space    used 8419K, capacity 8802K, committed 8832K, reserved 1048576K
}
Event: 55.030 GC heap before
{Heap before GC invocations=19 (full 3):
 PSYoungGen      total 165888K, used 165885K [0x00000000eab00000, 0x00000000faf80000, 0x0000000100000000)
  eden space 150016K, 100% used [0x00000000eab00000,0x00000000f3d80000,0x00000000f3d80000)
  from space 15872K, 99% used [0x00000000f3d80000,0x00000000f4cff708,0x00000000f4d00000)
  to   space 35840K, 0% used [0x00000000f8c80000,0x00000000f8c80000,0x00000000faf80000)
 ParOldGen       total 152064K, used 84634K [0x00000000c0000000, 0x00000000c9480000, 0x00000000eab00000)
  object space 152064K, 55% used [0x00000000c0000000,0x00000000c52a68c0,0x00000000c9480000)
 Metaspace       used 65371K, capacity 67234K, committed 67544K, reserved 1107968K
  class space    used 8717K, capacity 9117K, committed 9216K, reserved 1048576K
Event: 55.124 GC heap after
Heap after GC invocations=19 (full 3):
 PSYoungGen      total 225280K, used 35797K [0x00000000eab00000, 0x00000000fbd80000, 0x0000000100000000)
  eden space 189440K, 0% used [0x00000000eab00000,0x00000000eab00000,0x00000000f6400000)
  from space 35840K, 99% used [0x00000000f8c80000,0x00000000faf75700,0x00000000faf80000)
  to   space 41472K, 0% used [0x00000000f6400000,0x00000000f6400000,0x00000000f8c80000)
 ParOldGen       total 152064K, used 84642K [0x00000000c0000000, 0x00000000c9480000, 0x00000000eab00000)
  object space 152064K, 55% used [0x00000000c0000000,0x00000000c52a88c0,0x00000000c9480000)
 Metaspace       used 65371K, capacity 67234K, committed 67544K, reserved 1107968K
  class space    used 8717K, capacity 9117K, committed 9216K, reserved 1048576K
}

Deoptimization events (10 events):
Event: 54.049 Thread 0x000000001707e800 Uncommon trap: reason=unstable_if action=reinterpret pc=0x000000000399c3b0 method=java.lang.Character.isSurrogate(C)Z @ 3
Event: 54.066 Thread 0x000000001707e800 Uncommon trap: reason=unstable_if action=reinterpret pc=0x00000000048f14c4 method=java.net.URI.needsNormalization(Ljava/lang/String;)I @ 149
Event: 54.488 Thread 0x000000001707e800 Uncommon trap: reason=class_check action=maybe_recompile pc=0x00000000048e1754 method=sun.nio.cs.ThreadLocalCoders$1.hasName(Ljava/lang/Object;Ljava/lang/Object;)Z @ 8
Event: 54.598 Thread 0x000000001707e800 Uncommon trap: reason=class_check action=maybe_recompile pc=0x0000000003b4cca0 method=java.net.URLClassLoader.defineClass(Ljava/lang/String;Lsun/misc/Resource;)Ljava/lang/Class; @ 34
Event: 54.638 Thread 0x000000001707e800 Uncommon trap: reason=class_check action=maybe_recompile pc=0x0000000003b4cca0 method=java.net.URLClassLoader.defineClass(Ljava/lang/String;Lsun/misc/Resource;)Ljava/lang/Class; @ 34
Event: 54.646 Thread 0x000000001707e800 Uncommon trap: reason=class_check action=maybe_recompile pc=0x0000000003b4cca0 method=java.net.URLClassLoader.defineClass(Ljava/lang/String;Lsun/misc/Resource;)Ljava/lang/Class; @ 34
Event: 54.672 Thread 0x000000001707e800 Uncommon trap: reason=class_check action=maybe_recompile pc=0x0000000003b4cca0 method=java.net.URLClassLoader.defineClass(Ljava/lang/String;Lsun/misc/Resource;)Ljava/lang/Class; @ 34
Event: 54.681 Thread 0x000000001707e800 Uncommon trap: reason=class_check action=maybe_recompile pc=0x0000000003b24ff4 method=java.net.URLClassLoader.defineClass(Ljava/lang/String;Lsun/misc/Resource;)Ljava/lang/Class; @ 34
Event: 55.475 Thread 0x0000000017da2000 Uncommon trap: reason=unstable_if action=reinterpret pc=0x000000000425a63c method=java.lang.String.lastIndexOf([CII[CIII)I @ 118
Event: 55.475 Thread 0x000000001b54c000 Uncommon trap: reason=unstable_if action=reinterpret pc=0x0000000003006334 method=java.lang.String.lastIndexOf([CII[CIII)I @ 118

Internal exceptions (10 events):
Event: 48.689 Thread 0x000000001707e800 Exception <a 'java/lang/NoSuchMethodError': <clinit>> (0x00000000eefbb968) thrown at [C:\re\workspace\8-2-build-windows-amd64-cygwin\jdk8u91\7017\hotspot\src\share\vm\prims\jni.cpp, line 1613]
Event: 48.881 Thread 0x000000001707e800 Exception <a 'java/lang/NoSuchMethodError': <clinit>> (0x00000000ef533f98) thrown at [C:\re\workspace\8-2-build-windows-amd64-cygwin\jdk8u91\7017\hotspot\src\share\vm\prims\jni.cpp, line 1613]
Event: 49.004 Thread 0x000000001707e800 Implicit null exception at 0x000000000323761a to 0x0000000003238791
Event: 49.143 Thread 0x000000001707e800 Implicit null exception at 0x0000000003b9470e to 0x0000000003b94e05
Event: 49.149 Thread 0x000000001707e800 Implicit null exception at 0x0000000002c35a3e to 0x0000000002c35b69
Event: 49.149 Thread 0x000000001707e800 Implicit null exception at 0x000000000310a81a to 0x000000000310a8d1
Event: 49.693 Thread 0x000000001707e800 Implicit null exception at 0x000000000433cbcc to 0x000000000433e949
Event: 49.961 Thread 0x000000001707e800 Implicit null exception at 0x00000000041e99da to 0x00000000041ea07d
Event: 52.732 Thread 0x000000001707e800 Exception <a 'java/io/FileNotFoundException'> (0x00000000efa67878) thrown at [C:\re\workspace\8-2-build-windows-amd64-cygwin\jdk8u91\7017\hotspot\src\share\vm\prims\jni.cpp, line 709]
Event: 53.713 Thread 0x000000001707e800 Exception <a 'java/lang/NoSuchMethodError': <clinit>> (0x00000000f278ba28) thrown at [C:\re\workspace\8-2-build-windows-amd64-cygwin\jdk8u91\7017\hotspot\src\share\vm\prims\jni.cpp, line 1613]

Events (10 events):
Event: 55.609 Executing VM operation: RevokeBias done
Event: 55.609 Thread 0x000000001b558800 Thread added: 0x000000001b558800
Event: 55.610 Thread 0x000000001b553800 Thread added: 0x000000001b553800
Event: 55.610 Thread 0x000000001b557000 Thread added: 0x000000001b557000
Event: 55.610 Thread 0x000000001b558000 Thread added: 0x000000001b558000
Event: 55.616 Executing VM operation: RevokeBias
Event: 55.617 Executing VM operation: RevokeBias done
Event: 55.617 Thread 0x000000001b558800 Thread exited: 0x000000001b558800
Event: 55.617 Executing VM operation: RevokeBias
Event: 55.617 Executing VM operation: RevokeBias done


Dynamic libraries:
0x00007ff69ef50000 - 0x00007ff69ef87000 	C:\Program Files\Java\jdk1.8.0_91\bin\java.exe
0x00007ffe85a80000 - 0x00007ffe85c51000 	C:\WINDOWS\SYSTEM32\ntdll.dll
0x00007ffe831b0000 - 0x00007ffe8325b000 	C:\WINDOWS\System32\KERNEL32.DLL
0x00007ffe82da0000 - 0x00007ffe82fbd000 	C:\WINDOWS\System32\KERNELBASE.dll
0x00007ffe83cc0000 - 0x00007ffe83d62000 	C:\WINDOWS\System32\ADVAPI32.dll
0x00007ffe844a0000 - 0x00007ffe8453e000 	C:\WINDOWS\System32\msvcrt.dll
0x00007ffe83780000 - 0x00007ffe837d9000 	C:\WINDOWS\System32\sechost.dll
0x00007ffe83eb0000 - 0x00007ffe83fd1000 	C:\WINDOWS\System32\RPCRT4.dll
0x00007ffe84090000 - 0x00007ffe841f5000 	C:\WINDOWS\System32\USER32.dll
0x00007ffe82b50000 - 0x00007ffe82b6e000 	C:\WINDOWS\System32\win32u.dll
0x00007ffe84300000 - 0x00007ffe84334000 	C:\WINDOWS\System32\GDI32.dll
0x00007ffe82090000 - 0x00007ffe82212000 	C:\WINDOWS\System32\gdi32full.dll
0x00007ffe77f70000 - 0x00007ffe781e9000 	C:\WINDOWS\WinSxS\amd64_microsoft.windows.common-controls_6595b64144ccf1df_6.0.14393.447_none_42191651c6827bb3\COMCTL32.dll
0x00007ffe837e0000 - 0x00007ffe83aa8000 	C:\WINDOWS\System32\combase.dll
0x00007ffe82a50000 - 0x00007ffe82b45000 	C:\WINDOWS\System32\ucrtbase.dll
0x00007ffe82020000 - 0x00007ffe8208a000 	C:\WINDOWS\System32\bcryptPrimitives.dll
0x00007ffe83750000 - 0x00007ffe8377e000 	C:\WINDOWS\System32\IMM32.DLL
0x000000006eff0000 - 0x000000006f0c2000 	C:\Program Files\Java\jdk1.8.0_91\jre\bin\msvcr100.dll
0x000000006d0d0000 - 0x000000006d963000 	C:\Program Files\Java\jdk1.8.0_91\jre\bin\server\jvm.dll
0x00007ffe83cb0000 - 0x00007ffe83cb8000 	C:\WINDOWS\System32\PSAPI.DLL
0x00007ffe77190000 - 0x00007ffe7719a000 	C:\WINDOWS\SYSTEM32\VERSION.dll
0x00007ffe6d500000 - 0x00007ffe6d509000 	C:\WINDOWS\SYSTEM32\WSOCK32.dll
0x00007ffe7fab0000 - 0x00007ffe7fad3000 	C:\WINDOWS\SYSTEM32\WINMM.dll
0x00007ffe83d70000 - 0x00007ffe83dda000 	C:\WINDOWS\System32\WS2_32.dll
0x00007ffe7fa50000 - 0x00007ffe7fa7b000 	C:\WINDOWS\SYSTEM32\WINMMBASE.dll
0x00007ffe82fc0000 - 0x00007ffe83002000 	C:\WINDOWS\System32\cfgmgr32.dll
0x00000000713b0000 - 0x00000000713bf000 	C:\Program Files\Java\jdk1.8.0_91\jre\bin\verify.dll
0x0000000070ea0000 - 0x0000000070ec9000 	C:\Program Files\Java\jdk1.8.0_91\jre\bin\java.dll
0x0000000071390000 - 0x00000000713a6000 	C:\Program Files\Java\jdk1.8.0_91\jre\bin\zip.dll
0x00007ffe84540000 - 0x00007ffe85a49000 	C:\WINDOWS\System32\SHELL32.dll
0x00007ffe82220000 - 0x00007ffe828fa000 	C:\WINDOWS\System32\windows.storage.dll
0x00007ffe81f00000 - 0x00007ffe81f4c000 	C:\WINDOWS\System32\powrprof.dll
0x00007ffe83de0000 - 0x00007ffe83e32000 	C:\WINDOWS\System32\shlwapi.dll
0x00007ffe81f50000 - 0x00007ffe81f5f000 	C:\WINDOWS\System32\kernel.appcore.dll
0x00007ffe829a0000 - 0x00007ffe82a49000 	C:\WINDOWS\System32\shcore.dll
0x00007ffe81ee0000 - 0x00007ffe81ef4000 	C:\WINDOWS\System32\profapi.dll
0x0000000070da0000 - 0x0000000070dba000 	C:\Program Files\Java\jdk1.8.0_91\jre\bin\net.dll
0x00007ffe81810000 - 0x00007ffe8186c000 	C:\WINDOWS\system32\mswsock.dll
0x0000000070d80000 - 0x0000000070d91000 	C:\Program Files\Java\jdk1.8.0_91\jre\bin\nio.dll
0x00007ffe63a40000 - 0x00007ffe63a52000 	C:\Users\Anil\.gradle\native\19\windows-amd64\native-platform.dll
0x00007ffe819b0000 - 0x00007ffe819c7000 	C:\WINDOWS\SYSTEM32\CRYPTSP.dll
0x00007ffe81420000 - 0x00007ffe81453000 	C:\WINDOWS\system32\rsaenh.dll
0x00007ffe81ac0000 - 0x00007ffe81aeb000 	C:\WINDOWS\SYSTEM32\bcrypt.dll
0x00007ffe81690000 - 0x00007ffe816af000 	C:\WINDOWS\SYSTEM32\USERENV.dll
0x00007ffe819d0000 - 0x00007ffe819db000 	C:\WINDOWS\SYSTEM32\CRYPTBASE.dll
0x00007ffe815a0000 - 0x00007ffe815d8000 	C:\WINDOWS\SYSTEM32\IPHLPAPI.DLL
0x00007ffe83fe0000 - 0x00007ffe83fe8000 	C:\WINDOWS\System32\NSI.dll
0x00007ffe7cb70000 - 0x00007ffe7cb86000 	C:\WINDOWS\SYSTEM32\dhcpcsvc6.DLL
0x00007ffe7cd70000 - 0x00007ffe7cd8a000 	C:\WINDOWS\SYSTEM32\dhcpcsvc.DLL
0x00000000711f0000 - 0x00000000711fd000 	C:\Program Files\Java\jdk1.8.0_91\jre\bin\management.dll
0x0000000070d50000 - 0x0000000070d74000 	C:\Program Files\Java\jdk1.8.0_91\jre\bin\sunec.dll
0x00007ffe815e0000 - 0x00007ffe81680000 	C:\WINDOWS\SYSTEM32\DNSAPI.dll
0x0000000071ba0000 - 0x0000000071bc6000 	C:\Program Files\Bonjour\mdnsNSP.dll
0x00007ffe6d300000 - 0x00007ffe6d30a000 	C:\Windows\System32\rasadhlp.dll
0x00007ffe7b0e0000 - 0x00007ffe7b14a000 	C:\WINDOWS\System32\fwpuclnt.dll
0x00007ffe6d370000 - 0x00007ffe6d386000 	C:\WINDOWS\system32\napinsp.dll
0x00007ffe6d350000 - 0x00007ffe6d36a000 	C:\WINDOWS\system32\pnrpnsp.dll
0x00007ffe7f440000 - 0x00007ffe7f458000 	C:\WINDOWS\system32\NLAapi.dll
0x00007ffe6d330000 - 0x00007ffe6d33e000 	C:\WINDOWS\System32\winrnr.dll
0x00007ffe6d310000 - 0x00007ffe6d325000 	C:\WINDOWS\System32\wshbth.dll

VM Arguments:
jvm_args: -XX:MaxPermSize=256m -XX:+HeapDumpOnOutOfMemoryError -Xmx1024m -Dfile.encoding=windows-1252 -Duser.country=US -Duser.language=en -Duser.variant 
java_command: org.gradle.launcher.daemon.bootstrap.GradleDaemon 2.14.1
java_class_path (initial): C:\Program Files\Android\Android Studio\gradle\gradle-2.14.1\lib\gradle-launcher-2.14.1.jar
Launcher Type: SUN_STANDARD

Environment Variables:
JAVA_HOME=C:\Program Files\Java\jdk1.8.0_91
PATH=C:\Users\Anil\AppData\Local\Android\sdk\platform-tools\adb.exe;C:\ProgramData\Oracle\Java\javapath;c:\Program Files (x86)\Intel\iCLS Client\;c:\Program Files\Intel\iCLS Client\;C:\WINDOWS\system32;C:\WINDOWS;C:\WINDOWS\System32\Wbem;C:\WINDOWS\System32\WindowsPowerShell\v1.0\;C:\Program Files\Intel\Intel(R) Management Engine Components\DAL;C:\Program Files\Intel\Intel(R) Management Engine Components\IPT;C:\Program Files (x86)\Intel\Intel(R) Management Engine Components\DAL;C:\Program Files (x86)\Intel\Intel(R) Management Engine Components\IPT;C:\Program Files\Intel\WiFi\bin\;C:\Program Files\Common Files\Intel\WirelessCommon\;c:\Program Files (x86)\ATI Technologies\ATI.ACE\Core-Static;C:\Program Files\Microsoft SQL Server\Client SDK\ODBC\110\Tools\Binn\;C:\Program Files (x86)\Microsoft SQL Server\120\Tools\Binn\ManagementStudio\;C:\Program Files (x86)\Microsoft SQL Server\120\Tools\Binn\;C:\Program Files\Microsoft SQL Server\120\Tools\Binn\;C:\Program Files (x86)\Microsoft SQL Server\120\DTS\Binn\;C:\Program Files\Microsoft SQL Server\120\DTS\Binn\;C:\Program Files\Microsoft SQL Server\110\Tools\Binn\;C:\Program Files (x86)\Microsoft SDKs\TypeScript\1.0\;C:\Program Files\TortoiseSVN\bin;C:\Program Files\Microsoft\Web Platform Installer\;C:\Program Files (x86)\Windows Kits\8.1\Windows Performance Toolkit\;C:\Go\bin;C:\Program Files\nodejs\;C:\Program Files\Microsoft SQL Server\130\Tools\Binn\;C:\Program Files\dotnet\;C:\Users\Anil\AppData\Roaming\npm;C:\Users\Anil\AppData\Local\Microsoft\WindowsApps;C:\apache-ant-1.10.0\bin;C:\Program Files (x86)\Java\jdk1.7.0_71\bin;D:\Machine Learning\gradle\gradle-3.3\bin
USERNAME=Anil
OS=Windows_NT
PROCESSOR_IDENTIFIER=Intel64 Family 6 Model 69 Stepping 1, GenuineIntel



---------------  S Y S T E M  ---------------

OS: Windows 10.0 , 64 bit Build 14393 (10.0.14393.0)

CPU:total 4 (2 cores per cpu, 2 threads per core) family 6 model 69 stepping 1, cmov, cx8, fxsr, mmx, sse, sse2, sse3, ssse3, sse4.1, sse4.2, popcnt, avx, avx2, aes, clmul, erms, lzcnt, ht, tsc, tscinvbit, bmi1, bmi2

Memory: 4k page, physical 8266712k(1484328k free), swap 10217432k(10152k free)

vm_info: Java HotSpot(TM) 64-Bit Server VM (25.91-b15) for windows-amd64 JRE (1.8.0_91-b15), built on May 20 2016 17:43:15 by "java_re" with MS VC++ 10.0 (VS2010)

time: Wed Feb 01 14:25:42 2017
elapsed time: 56 seconds (0d 0h 0m 56s)

